Ø§Ø¬Ø±Ø§ÛŒ Ø§Ø³Ú©Ø±Ù¾Ø± Ø¨Ø±Ø§ÛŒ Ú©Ø§Ù†ÙÛŒÚ¯ ashja Ø¯Ø± ØªØ§Ø±ÛŒØ® 2025-06-03 07:36:37 Ø´Ø±ÙˆØ¹ Ø´Ø¯...
Starting flexible scraper...
Loading configuration from /var/www/products-shops/storage/app/private/private/ashja.json
[1;92mValidating configuration...[0m
[1;92mFound set_category in config: 'ØµÙ†Ø§ÛŒØ¹ Ø¯Ø³ØªÛŒ'. Will use this value for all products.[0m
[1;92mConfig validated. Using run_method: new[0m
Request delay set to 500 ms.
Starting scrape operation...

   Exception 

  Validation Error: Out of stock button configuration is required.

  at /var/www/products-shops/app/Http/Controllers/ConfigValidator.php:82
     78â–• 
     79â–•         foreach ($requiredFields as $field => $message) {
     80â–•             if ($field === 'out_of_stock_button') {
     81â–•                 if (!isset($config[$field])) {
  âžœ  82â–•                     throw new \Exception("Validation Error: $message");
     83â–•                 }
     84â–•             } else {
     85â–•                 if (empty($config[$field])) {
     86â–•                     throw new \Exception("Validation Error: $message");

  1   /var/www/products-shops/app/Http/Controllers/StartController.php:130
      App\Http\Controllers\ConfigValidator::validateConfig()

  2   /var/www/products-shops/app/Console/Commands/StartCommand.php:48
      App\Http\Controllers\StartController::scrapeMultiple()

